<?xml version="1.0" encoding="UTF-8"?>
<!-- Generated by org.testng.reporters.JUnitReportReporter -->
<testsuite hostname="DESKTOP-T4BL329" failures="0" tests="3" name="Selenium.Automation.TestAPI" time="0.015" errors="0" timestamp="2025-05-15T13:30:46 IST" skipped="1">
  <testcase classname="Selenium.Automation.TestAPI" name="method2" time="0.003"/>
  <system-out/>
  <testcase classname="Selenium.Automation.TestAPI" name="method2" time="0.012"/>
  <system-out/>
  <testcase classname="Selenium.Automation.TestAPI" name="method1">
    <skipped/>
  </testcase> <!-- method1 -->
  <system-out/>
</testsuite> <!-- Selenium.Automation.TestAPI -->
