<?xml version="1.0" encoding="UTF-8"?>
<!-- Generated by org.testng.reporters.JUnitReportReporter -->
<testsuite hostname="DESKTOP-T4BL329" failures="0" tests="3" name="Selenium.Automation.TestClass1" time="15.382" errors="0" timestamp="2025-05-11T18:31:07 IST" skipped="0">
  <testcase classname="Selenium.Automation.TestClass1" name="LoginTC2" time="5.463"/>
  <system-out/>
  <testcase classname="Selenium.Automation.TestClass1" name="LoginTC3" time="2.860"/>
  <system-out/>
  <testcase classname="Selenium.Automation.TestClass1" name="LoginTC1" time="7.059"/>
  <system-out/>
</testsuite> <!-- Selenium.Automation.TestClass1 -->
